<?xml version="1.0" encoding="UTF-8"?>
<!-- Generated by org.testng.reporters.JUnitReportReporter -->
<testsuite skipped="0" hostname="LAPTOP-ONE5DOTD" name="CreateOPTY.VerifyCreateOPTY" tests="5" failures="0" timestamp="2022-02-20T19:04:14 PST" time="70.382" errors="0">
  <testcase name="verifyquaterlysummaryreport19" time="14.818" classname="CreateOPTY.VerifyCreateOPTY"/>
  <system-out/>
  <testcase name="verifystuckopportunityreport" time="12.275" classname="CreateOPTY.VerifyCreateOPTY"/>
  <system-out/>
  <testcase name="verifyopportunitypipeline" time="11.697" classname="CreateOPTY.VerifyCreateOPTY"/>
  <system-out/>
  <testcase name="verifyopportunities" time="16.586" classname="CreateOPTY.VerifyCreateOPTY"/>
  <system-out/>
  <testcase name="verifycreatenewopty" time="15.006" classname="CreateOPTY.VerifyCreateOPTY"/>
  <system-out/>
</testsuite> <!-- CreateOPTY.VerifyCreateOPTY -->
