<?xml version="1.0" encoding="UTF-8"?>
<!-- Generated by org.testng.reporters.JUnitReportReporter -->
<testsuite skipped="0" hostname="LAPTOP-ONE5DOTD" name="SFDClogin.ForgotPassWord4A" tests="1" failures="0" timestamp="2022-02-23T18:37:24 PST" time="4.113" errors="0">
  <testcase name="forgotoassWord" time="4.113" classname="SFDClogin.ForgotPassWord4A"/>
  <system-out/>
</testsuite> <!-- SFDClogin.ForgotPassWord4A -->
