<?xml version="1.0" encoding="UTF-8"?>
<!-- Generated by org.testng.reporters.JUnitReportReporter -->
<testsuite skipped="0" hostname="LAPTOP-ONE5DOTD" name="SFDClogin.LoginErrorMessage1" tests="1" failures="0" timestamp="2022-02-23T18:37:24 PST" time="3.085" errors="0">
  <testcase name="loginerror" time="3.085" classname="SFDClogin.LoginErrorMessage1"/>
  <system-out/>
</testsuite> <!-- SFDClogin.LoginErrorMessage1 -->
